  adjacency_lists.cpp
c:\users\user\desktop\logic\pavlovv2\lab3\lab3\adjacency_lists.cpp(41): warning C4018: <: несоответствие типов со знаком и без знака
c:\users\user\desktop\logic\pavlovv2\lab3\lab3\adjacency_lists.cpp(44): warning C4018: <: несоответствие типов со знаком и без знака
c:\users\user\desktop\logic\pavlovv2\lab3\lab3\adjacency_lists.cpp(55): warning C4018: <: несоответствие типов со знаком и без знака
c:\users\user\desktop\logic\pavlovv2\lab3\lab3\adjacency_lists.cpp(58): warning C4018: <: несоответствие типов со знаком и без знака
c:\users\user\desktop\logic\pavlovv2\lab3\lab3\adjacency_lists.cpp(120): warning C4018: <: несоответствие типов со знаком и без знака
c:\users\user\desktop\logic\pavlovv2\lab3\lab3\adjacency_lists.cpp(129): warning C4018: <: несоответствие типов со знаком и без знака
c:\users\user\desktop\logic\pavlovv2\lab3\lab3\adjacency_lists.cpp(133): warning C4018: <: несоответствие типов со знаком и без знака
c:\users\user\desktop\logic\pavlovv2\lab3\lab3\adjacency_lists.cpp(157): warning C4018: <: несоответствие типов со знаком и без знака
c:\users\user\desktop\logic\pavlovv2\lab3\lab3\adjacency_lists.cpp(184): warning C4018: <: несоответствие типов со знаком и без знака
c:\users\user\desktop\logic\pavlovv2\lab3\lab3\adjacency_lists.cpp(196): warning C4018: <: несоответствие типов со знаком и без знака
c:\users\user\desktop\logic\pavlovv2\lab3\lab3\adjacency_lists.cpp(201): warning C4018: <: несоответствие типов со знаком и без знака
c:\users\user\desktop\logic\pavlovv2\lab3\lab3\adjacency_lists.cpp(203): warning C4018: <: несоответствие типов со знаком и без знака
c:\users\user\desktop\logic\pavlovv2\lab3\lab3\adjacency_lists.cpp(217): warning C4018: <: несоответствие типов со знаком и без знака
c:\users\user\desktop\logic\pavlovv2\lab3\lab3\adjacency_lists.cpp(220): warning C4018: <: несоответствие типов со знаком и без знака
c:\users\user\desktop\logic\pavlovv2\lab3\lab3\adjacency_lists.cpp(222): warning C4018: >=: несоответствие типов со знаком и без знака
c:\users\user\desktop\logic\pavlovv2\lab3\lab3\adjacency_lists.cpp(235): warning C4018: <: несоответствие типов со знаком и без знака
c:\users\user\desktop\logic\pavlovv2\lab3\lab3\adjacency_lists.cpp(252): warning C4018: <: несоответствие типов со знаком и без знака
c:\users\user\desktop\logic\pavlovv2\lab3\lab3\adjacency_lists.cpp(255): warning C4018: <: несоответствие типов со знаком и без знака
c:\users\user\desktop\logic\pavlovv2\lab3\lab3\adjacency_lists.cpp(300): warning C4018: <: несоответствие типов со знаком и без знака
c:\users\user\desktop\logic\pavlovv2\lab3\lab3\adjacency_lists.cpp(314): warning C4018: <: несоответствие типов со знаком и без знака
c:\users\user\desktop\logic\pavlovv2\lab3\lab3\adjacency_lists.cpp(322): warning C4018: <: несоответствие типов со знаком и без знака
c:\users\user\desktop\logic\pavlovv2\lab3\lab3\adjacency_lists.cpp(326): warning C4018: <: несоответствие типов со знаком и без знака
c:\users\user\desktop\logic\pavlovv2\lab3\lab3\adjacency_lists.cpp(350): warning C4018: <: несоответствие типов со знаком и без знака
c:\users\user\desktop\logic\pavlovv2\lab3\lab3\adjacency_lists.cpp(377): warning C4018: <: несоответствие типов со знаком и без знака
c:\users\user\desktop\logic\pavlovv2\lab3\lab3\adjacency_lists.cpp(388): warning C4018: <: несоответствие типов со знаком и без знака
c:\users\user\desktop\logic\pavlovv2\lab3\lab3\adjacency_lists.cpp(393): warning C4018: <: несоответствие типов со знаком и без знака
c:\users\user\desktop\logic\pavlovv2\lab3\lab3\adjacency_lists.cpp(395): warning C4018: <: несоответствие типов со знаком и без знака
c:\users\user\desktop\logic\pavlovv2\lab3\lab3\adjacency_lists.cpp(410): warning C4018: <: несоответствие типов со знаком и без знака
c:\users\user\desktop\logic\pavlovv2\lab3\lab3\adjacency_lists.cpp(413): warning C4018: <: несоответствие типов со знаком и без знака
c:\users\user\desktop\logic\pavlovv2\lab3\lab3\adjacency_lists.cpp(419): warning C4018: >=: несоответствие типов со знаком и без знака
c:\users\user\desktop\logic\pavlovv2\lab3\lab3\adjacency_lists.cpp(433): warning C4018: <: несоответствие типов со знаком и без знака
c:\users\user\desktop\logic\pavlovv2\lab3\lab3\adjacency_lists.cpp(450): warning C4018: <: несоответствие типов со знаком и без знака
c:\users\user\desktop\logic\pavlovv2\lab3\lab3\adjacency_lists.cpp(453): warning C4018: <: несоответствие типов со знаком и без знака
c:\users\user\desktop\logic\pavlovv2\lab3\lab3\adjacency_lists.cpp(488): warning C4018: <: несоответствие типов со знаком и без знака
c:\users\user\desktop\logic\pavlovv2\lab3\lab3\adjacency_lists.cpp(499): warning C4018: <: несоответствие типов со знаком и без знака
c:\users\user\desktop\logic\pavlovv2\lab3\lab3\adjacency_lists.cpp(515): warning C4018: <: несоответствие типов со знаком и без знака
c:\users\user\desktop\logic\pavlovv2\lab3\lab3\adjacency_lists.cpp(522): warning C4018: <: несоответствие типов со знаком и без знака
c:\users\user\desktop\logic\pavlovv2\lab3\lab3\adjacency_lists.cpp(525): warning C4018: <: несоответствие типов со знаком и без знака
c:\users\user\desktop\logic\pavlovv2\lab3\lab3\adjacency_lists.cpp(547): warning C4018: <: несоответствие типов со знаком и без знака
c:\users\user\desktop\logic\pavlovv2\lab3\lab3\adjacency_lists.cpp(562): warning C4018: <: несоответствие типов со знаком и без знака
c:\users\user\desktop\logic\pavlovv2\lab3\lab3\adjacency_lists.cpp(589): warning C4018: <: несоответствие типов со знаком и без знака
c:\users\user\desktop\logic\pavlovv2\lab3\lab3\adjacency_lists.cpp(592): warning C4018: <: несоответствие типов со знаком и без знака
c:\users\user\desktop\logic\pavlovv2\lab3\lab3\adjacency_lists.cpp(605): warning C4018: <: несоответствие типов со знаком и без знака
c:\users\user\desktop\logic\pavlovv2\lab3\lab3\adjacency_lists.cpp(620): warning C4018: <: несоответствие типов со знаком и без знака
c:\users\user\desktop\logic\pavlovv2\lab3\lab3\adjacency_lists.cpp(646): warning C4018: <: несоответствие типов со знаком и без знака
c:\users\user\desktop\logic\pavlovv2\lab3\lab3\adjacency_lists.cpp(652): warning C4018: <: несоответствие типов со знаком и без знака
c:\users\user\desktop\logic\pavlovv2\lab3\lab3\adjacency_lists.cpp(669): warning C4018: <: несоответствие типов со знаком и без знака
c:\users\user\desktop\logic\pavlovv2\lab3\lab3\adjacency_lists.cpp(672): warning C4018: <: несоответствие типов со знаком и без знака
c:\users\user\desktop\logic\pavlovv2\lab3\lab3\adjacency_lists.cpp(687): warning C4018: <: несоответствие типов со знаком и без знака
c:\users\user\desktop\logic\pavlovv2\lab3\lab3\adjacency_lists.cpp(702): warning C4018: <: несоответствие типов со знаком и без знака
c:\users\user\desktop\logic\pavlovv2\lab3\lab3\adjacency_lists.cpp(733): warning C4018: <: несоответствие типов со знаком и без знака
c:\users\user\desktop\logic\pavlovv2\lab3\lab3\adjacency_lists.cpp(739): warning C4018: <: несоответствие типов со знаком и без знака
c:\users\user\desktop\logic\pavlovv2\lab3\lab3\adjacency_lists.cpp(756): warning C4018: <: несоответствие типов со знаком и без знака
c:\users\user\desktop\logic\pavlovv2\lab3\lab3\adjacency_lists.cpp(762): warning C4018: <: несоответствие типов со знаком и без знака
c:\users\user\desktop\logic\pavlovv2\lab3\lab3\adjacency_lists.cpp(778): warning C4018: <: несоответствие типов со знаком и без знака
c:\users\user\desktop\logic\pavlovv2\lab3\lab3\adjacency_lists.cpp(793): warning C4018: <: несоответствие типов со знаком и без знака
c:\users\user\desktop\logic\pavlovv2\lab3\lab3\adjacency_lists.cpp(822): warning C4018: <: несоответствие типов со знаком и без знака
c:\users\user\desktop\logic\pavlovv2\lab3\lab3\adjacency_lists.cpp(825): warning C4018: <: несоответствие типов со знаком и без знака
adjacency_lists.obj : warning LNK4075: не учитывается "/EDITANDCONTINUE" из-за спецификации "/INCREMENTAL:NO"
  Lab3.vcxproj -> C:\Users\User\Desktop\Logic\PavloVV2\Lab3\Debug\Lab3.exe
  Lab3.vcxproj -> C:\Users\User\Desktop\Logic\PavloVV2\Lab3\Debug\Lab3.pdb (Partial PDB)
